<?xml version="1.0" encoding="UTF-8"?>
<!-- Generated by org.testng.reporters.JUnitXMLReporter -->
<testsuite ignored="0" hostname="DESKTOP-20VHPI4" failures="0" tests="3" name="Default test" time="7.306" errors="0" timestamp="2021-04-07T13:41:42 EDT">
  <testcase classname="E2EPOM_TDD.E2EPOM_TDD.Login" name="load_login" time="0.612"/>
  <testcase classname="E2EPOM_TDD.E2EPOM_TDD.Login" name="load_login" time="0.585"/>
  <testcase classname="E2EPOM_TDD.E2EPOM_TDD.Login" name="load_login" time="1.525"/>
</testsuite> <!-- Default test -->
