<?xml version="1.0" encoding="UTF-8"?>
<!-- Generated by org.testng.reporters.JUnitXMLReporter -->
<testsuite ignored="0" hostname="DESKTOP-20VHPI4" failures="1" tests="4" name="Test" time="12.251" errors="0" timestamp="2021-04-11T22:32:13 EDT">
  <testcase classname="E2EPOM_TDD.E2EPOM_TDD.Login" name="load_login" time="3.001"/>
  <testcase classname="E2EPOM_TDD.E2EPOM_TDD.Login" name="load_login" time="0.931"/>
  <testcase classname="E2EPOM_TDD.E2EPOM_TDD.Login" name="load_login" time="5.06"/>
  <testcase classname="E2EPOM_TDD.E2EPOM_TDD.Login" name="title_validation" time="0.017">
    <failure type="java.lang.AssertionError" message="expected [Admin Login] but found [Home]">
      <![CDATA[java.lang.AssertionError: expected [Admin Login] but found [Home]
at E2EPOM_TDD.E2EPOM_TDD.Login.title_validation(Login.java:69)
at java.base/java.util.ArrayList.forEach(ArrayList.java:1511)
... Removed 37 stack frames]]>
    </failure>
  </testcase> <!-- title_validation -->
</testsuite> <!-- Test -->
