<?xml version="1.0" encoding="UTF-8"?>
<testng-results ignored="0" total="4" passed="3" failed="1" skipped="0">
  <reporter-output>
  </reporter-output>
  <suite started-at="2021-04-11T22:32:00 EDT" name="Suite" finished-at="2021-04-11T22:32:13 EDT" duration-ms="12745">
    <groups>
    </groups>
    <test started-at="2021-04-11T22:32:00 EDT" name="Test" finished-at="2021-04-11T22:32:13 EDT" duration-ms="12251">
      <class name="E2EPOM_TDD.E2EPOM_TDD.Login">
        <test-method is-config="true" signature="initialize()[pri:0, instance:E2EPOM_TDD.E2EPOM_TDD.Login@609640d5]" started-at="2021-04-11T22:32:00 EDT" name="initialize" finished-at="2021-04-11T22:32:03 EDT" duration-ms="2469" status="PASS">
          <reporter-output>
          </reporter-output>
        </test-method> <!-- initialize -->
        <test-method signature="load_login(java.lang.String,java.lang.String)[pri:0, instance:E2EPOM_TDD.E2EPOM_TDD.Login@609640d5]" started-at="2021-04-11T22:32:03 EDT" name="load_login" data-provider="login_data" finished-at="2021-04-11T22:32:06 EDT" duration-ms="3001" status="PASS">
          <params>
            <param index="0">
              <value>
                <![CDATA[admin]]>
              </value>
            </param>
            <param index="1">
              <value>
                <![CDATA[123456]]>
              </value>
            </param>
          </params>
          <reporter-output>
          </reporter-output>
        </test-method> <!-- load_login -->
        <test-method signature="load_login(java.lang.String,java.lang.String)[pri:0, instance:E2EPOM_TDD.E2EPOM_TDD.Login@609640d5]" started-at="2021-04-11T22:32:06 EDT" name="load_login" data-provider="login_data" finished-at="2021-04-11T22:32:07 EDT" duration-ms="931" status="PASS">
          <params>
            <param index="0">
              <value>
                <![CDATA[admin1]]>
              </value>
            </param>
            <param index="1">
              <value>
                <![CDATA[123456]]>
              </value>
            </param>
          </params>
          <reporter-output>
          </reporter-output>
        </test-method> <!-- load_login -->
        <test-method signature="load_login(java.lang.String,java.lang.String)[pri:0, instance:E2EPOM_TDD.E2EPOM_TDD.Login@609640d5]" started-at="2021-04-11T22:32:07 EDT" name="load_login" data-provider="login_data" finished-at="2021-04-11T22:32:12 EDT" duration-ms="5060" status="PASS">
          <params>
            <param index="0">
              <value>
                <![CDATA[admin]]>
              </value>
            </param>
            <param index="1">
              <value>
                <![CDATA[111111]]>
              </value>
            </param>
          </params>
          <reporter-output>
          </reporter-output>
        </test-method> <!-- load_login -->
        <test-method signature="title_validation()[pri:0, instance:E2EPOM_TDD.E2EPOM_TDD.Login@609640d5]" started-at="2021-04-11T22:32:12 EDT" name="title_validation" finished-at="2021-04-11T22:32:12 EDT" duration-ms="17" status="FAIL">
          <exception class="java.lang.AssertionError">
            <message>
              <![CDATA[expected [Admin Login] but found [Home]]]>
            </message>
            <full-stacktrace>
              <![CDATA[java.lang.AssertionError: expected [Admin Login] but found [Home]
at org.testng.Assert.fail(Assert.java:99)
at org.testng.Assert.failNotEquals(Assert.java:1037)
at org.testng.Assert.assertEqualsImpl(Assert.java:140)
at org.testng.Assert.assertEquals(Assert.java:122)
at org.testng.Assert.assertEquals(Assert.java:629)
at org.testng.Assert.assertEquals(Assert.java:639)
at E2EPOM_TDD.E2EPOM_TDD.Login.title_validation(Login.java:69)
at java.base/jdk.internal.reflect.NativeMethodAccessorImpl.invoke0(Native Method)
at java.base/jdk.internal.reflect.NativeMethodAccessorImpl.invoke(NativeMethodAccessorImpl.java:64)
at java.base/jdk.internal.reflect.DelegatingMethodAccessorImpl.invoke(DelegatingMethodAccessorImpl.java:43)
at java.base/java.lang.reflect.Method.invoke(Method.java:564)
at org.testng.internal.MethodInvocationHelper.invokeMethod(MethodInvocationHelper.java:133)
at org.testng.internal.TestInvoker.invokeMethod(TestInvoker.java:598)
at org.testng.internal.TestInvoker.invokeTestMethod(TestInvoker.java:173)
at org.testng.internal.MethodRunner.runInSequence(MethodRunner.java:46)
at org.testng.internal.TestInvoker$MethodInvocationAgent.invoke(TestInvoker.java:824)
at org.testng.internal.TestInvoker.invokeTestMethods(TestInvoker.java:146)
at org.testng.internal.TestMethodWorker.invokeTestMethods(TestMethodWorker.java:146)
at org.testng.internal.TestMethodWorker.run(TestMethodWorker.java:128)
at java.base/java.util.ArrayList.forEach(ArrayList.java:1511)
at org.testng.TestRunner.privateRun(TestRunner.java:794)
at org.testng.TestRunner.run(TestRunner.java:596)
at org.testng.SuiteRunner.runTest(SuiteRunner.java:377)
at org.testng.SuiteRunner.runSequentially(SuiteRunner.java:371)
at org.testng.SuiteRunner.privateRun(SuiteRunner.java:332)
at org.testng.SuiteRunner.run(SuiteRunner.java:276)
at org.testng.SuiteRunnerWorker.runSuite(SuiteRunnerWorker.java:53)
at org.testng.SuiteRunnerWorker.run(SuiteRunnerWorker.java:96)
at org.testng.TestNG.runSuitesSequentially(TestNG.java:1212)
at org.testng.TestNG.runSuitesLocally(TestNG.java:1134)
at org.testng.TestNG.runSuites(TestNG.java:1063)
at org.testng.TestNG.run(TestNG.java:1031)
at org.apache.maven.surefire.testng.TestNGExecutor.run(TestNGExecutor.java:284)
at org.apache.maven.surefire.testng.TestNGXmlTestSuite.execute(TestNGXmlTestSuite.java:75)
at org.apache.maven.surefire.testng.TestNGProvider.invoke(TestNGProvider.java:119)
at org.apache.maven.surefire.booter.ForkedBooter.runSuitesInProcess(ForkedBooter.java:428)
at org.apache.maven.surefire.booter.ForkedBooter.execute(ForkedBooter.java:162)
at org.apache.maven.surefire.booter.ForkedBooter.run(ForkedBooter.java:562)
at org.apache.maven.surefire.booter.ForkedBooter.main(ForkedBooter.java:548)
]]>
            </full-stacktrace>
          </exception> <!-- java.lang.AssertionError -->
          <reporter-output>
          </reporter-output>
        </test-method> <!-- title_validation -->
        <test-method is-config="true" signature="browser_close()[pri:0, instance:E2EPOM_TDD.E2EPOM_TDD.Login@609640d5]" started-at="2021-04-11T22:32:13 EDT" name="browser_close" finished-at="2021-04-11T22:32:13 EDT" duration-ms="115" status="PASS">
          <reporter-output>
          </reporter-output>
        </test-method> <!-- browser_close -->
      </class> <!-- E2EPOM_TDD.E2EPOM_TDD.Login -->
    </test> <!-- Test -->
    <test started-at="2021-04-11T22:32:13 EDT" name="Test2" finished-at="2021-04-11T22:32:13 EDT" duration-ms="0">
    </test> <!-- Test2 -->
  </suite> <!-- Suite -->
</testng-results>
