<?xml version="1.0" encoding="UTF-8"?>
<testsuite xmlns:xsi="http://www.w3.org/2001/XMLSchema-instance" xsi:noNamespaceSchemaLocation="https://maven.apache.org/surefire/maven-surefire-plugin/xsd/surefire-test-report-3.0.xsd" version="3.0" name="TestSuite" time="14.01" tests="4" errors="0" skipped="0" failures="1">
  <properties>
[...]
</properties>
  <testcase name="load_login[admin, 123456](1)" classname="E2EPOM_TDD.E2EPOM_TDD.Login" time="2.929">
    <system-err><![CDATA[SLF4J: Failed to load class "org.slf4j.impl.StaticLoggerBinder".
SLF4J: Defaulting to no-operation (NOP) logger implementation
SLF4J: See http://www.slf4j.org/codes.html#StaticLoggerBinder for further details.
Starting ChromeDriver 89.0.4389.23 (61b08ee2c50024bab004e48d2b1b083cdbdac579-refs/branch-heads/4389@{#294}) on port 48669
Only local connections are allowed.
Please see https://chromedriver.chromium.org/security-considerations for suggestions on keeping ChromeDriver safe.
ChromeDriver was started successfully.
Apr 11, 2021 10:32:03 PM org.openqa.selenium.remote.ProtocolHandshake createSession
INFO: Detected dialect: W3C
]]></system-err>
  </testcase>
  <testcase name="load_login[admin1, 123456](2)" classname="E2EPOM_TDD.E2EPOM_TDD.Login" time="0.928"/>
  <testcase name="load_login[admin, 111111](3)" classname="E2EPOM_TDD.E2EPOM_TDD.Login" time="5.061"/>
  <testcase name="title_validation" classname="E2EPOM_TDD.E2EPOM_TDD.Login" time="0.634">
    <failure message="expected [Admin Login] but found [Home]" type="java.lang.AssertionError"><![CDATA[java.lang.AssertionError: expected [Admin Login] but found [Home]
	at E2EPOM_TDD.E2EPOM_TDD.Login.title_validation(Login.java:69)
]]></failure>
  </testcase>
</testsuite>