-------------------------------------------------------------------------------
Test set: TestSuite
-------------------------------------------------------------------------------
Tests run: 4, Failures: 1, Errors: 0, Skipped: 0, Time elapsed: 14.01 s <<< FAILURE! - in TestSuite
E2EPOM_TDD.E2EPOM_TDD.Login.title_validation  Time elapsed: 0.634 s  <<< FAILURE!
java.lang.AssertionError: expected [Admin Login] but found [Home]
	at E2EPOM_TDD.E2EPOM_TDD.Login.title_validation(Login.java:69)

